INFO [2024-04-24 08:27:26] [[1]]
INFO [2024-04-24 08:27:26] sample_list
INFO [2024-04-24 08:27:26] 
INFO [2024-04-24 08:27:26] $filename
INFO [2024-04-24 08:27:26] NULL
INFO [2024-04-24 08:27:26] 
INFO [2024-04-24 08:27:26] $fill
INFO [2024-04-24 08:27:26] color[1:(length(sample_list))]
INFO [2024-04-24 08:27:26] 
INFO [2024-04-24 08:27:26] $alpha
INFO [2024-04-24 08:27:26] [1] 0.5
INFO [2024-04-24 08:27:26] 
INFO [2024-04-24 08:27:26] $cat.col
INFO [2024-04-24 08:27:26] rep("black", ncol(data))
INFO [2024-04-24 08:27:26] 
INFO [2024-04-24 08:27:26] $col
INFO [2024-04-24 08:27:26] [1] "black"
INFO [2024-04-24 08:27:26] 
INFO [2024-04-24 08:27:26] $cex
INFO [2024-04-24 08:27:26] [1] 1
INFO [2024-04-24 08:27:26] 
INFO [2024-04-24 08:27:26] $fontfamily
INFO [2024-04-24 08:27:26] [1] "serif"
INFO [2024-04-24 08:27:26] 
INFO [2024-04-24 08:27:26] $cat.cex
INFO [2024-04-24 08:27:26] [1] 1
INFO [2024-04-24 08:27:26] 
INFO [2024-04-24 08:27:26] $cat.fontfamily
INFO [2024-04-24 08:27:26] [1] "serif"
INFO [2024-04-24 08:27:26] 
INFO [2024-04-24 08:27:26] $margin
INFO [2024-04-24 08:27:26] [1] 0.2
INFO [2024-04-24 08:27:26] 
